<?xml version="1.0" encoding="UTF-8"?>
<!-- Generated by org.testng.reporters.JUnitReportReporter -->
<testsuite skipped="0" hostname="Renjus-MacBook-Pro.local" name="com.tvsnext.cicd.jenkins.NxtCalcTest" tests="2" failures="0" timestamp="05 Oct 2018 11:03:42 GMT" time="0.002" errors="0">
  <testcase name="subtractTest" time="0.000" classname="com.tvsnext.cicd.jenkins.NxtCalcTest"/>
  <testcase name="addTest" time="0.002" classname="com.tvsnext.cicd.jenkins.NxtCalcTest"/>
</testsuite> <!-- com.tvsnext.cicd.jenkins.NxtCalcTest -->
